This is pdfTeX, Version 3.14159265-2.6-1.40.20 (MiKTeX 2.9.7250 64-bit) (preloaded format=pdflatex 2019.11.16)  23 DEC 2019 03:39
entering extended mode
**./project-5.tex
(project-5.tex
LaTeX2e <2019-10-01> patch level 3
("C:\Users\Andreas\AppData\Local\Programs\MiKTeX 2.9\tex/latex/base\article.cls
"
Document Class: article 2019/10/25 v1.4k Standard LaTeX document class
("C:\Users\Andreas\AppData\Local\Programs\MiKTeX 2.9\tex/latex/base\size10.clo"
File: size10.clo 2019/10/25 v1.4k Standard LaTeX file (size option)
)
\c@part=\count80
\c@section=\count81
\c@subsection=\count82
\c@subsubsection=\count83
\c@paragraph=\count84
\c@subparagraph=\count85
\c@figure=\count86
\c@table=\count87
\abovecaptionskip=\skip41
\belowcaptionskip=\skip42
\bibindent=\dimen102
)
("C:\Users\Andreas\AppData\Local\Programs\MiKTeX 2.9\tex/latex/threeparttable\t
hreeparttable.sty"
Package: threeparttable 2003/06/13  v 3.0
\@tempboxb=\box27
)
("C:\Users\Andreas\AppData\Local\Programs\MiKTeX 2.9\tex/latex/graphics\graphic
x.sty"
Package: graphicx 2017/06/01 v1.1a Enhanced LaTeX Graphics (DPC,SPQR)

("C:\Users\Andreas\AppData\Local\Programs\MiKTeX 2.9\tex/latex/graphics\keyval.
sty"
Package: keyval 2014/10/28 v1.15 key=value parser (DPC)
\KV@toks@=\toks14
)
("C:\Users\Andreas\AppData\Local\Programs\MiKTeX 2.9\tex/latex/graphics\graphic
s.sty"
Package: graphics 2019/11/01 v1.3d Standard LaTeX Graphics (DPC,SPQR)

("C:\Users\Andreas\AppData\Local\Programs\MiKTeX 2.9\tex/latex/graphics\trig.st
y"
Package: trig 2016/01/03 v1.10 sin cos tan (DPC)
)
("C:\Users\Andreas\AppData\Local\Programs\MiKTeX 2.9\tex/latex/graphics-cfg\gra
phics.cfg"
File: graphics.cfg 2016/06/04 v1.11 sample graphics configuration
)
Package graphics Info: Driver file: pdftex.def on input line 105.

("C:\Users\Andreas\AppData\Local\Programs\MiKTeX 2.9\tex/latex/graphics-def\pdf
tex.def"
File: pdftex.def 2018/01/08 v1.0l Graphics/color driver for pdftex
))
\Gin@req@height=\dimen103
\Gin@req@width=\dimen104
)
("C:\Users\Andreas\AppData\Local\Programs\MiKTeX 2.9\tex/latex/blindtext\blindt
ext.sty"
Package: blindtext 2012/01/06 V2.0 blindtext-Package

("C:\Users\Andreas\AppData\Local\Programs\MiKTeX 2.9\tex/latex/tools\xspace.sty
"
Package: xspace 2014/10/28 v1.13 Space after command names (DPC,MH)
)
\c@blindtext=\count88
\c@Blindtext=\count89
\c@blind@countparstart=\count90
\blind@countxx=\count91
\blindtext@numBlindtext=\count92
\blind@countyy=\count93
\c@blindlist=\count94
\c@blindlistlevel=\count95
\c@blindlist@level=\count96
\blind@listitem=\count97
\c@blind@listcount=\count98
\c@blind@levelcount=\count99
\blind@mathformula=\count100
\blind@Mathformula=\count101
\c@blind@randomcount=\count102
\c@blind@randommax=\count103
\c@blind@pangramcount=\count104
\c@blind@pangrammax=\count105
)
("C:\Users\Andreas\AppData\Local\Programs\MiKTeX 2.9\tex/latex/psnfss\mathpazo.
sty"
Package: mathpazo 2005/04/12 PSNFSS-v9.2a Palatino w/ Pazo Math (D.Puga, WaS) 
\symupright=\mathgroup4
)
("C:\Users\Andreas\AppData\Local\Programs\MiKTeX 2.9\tex/latex/base\fontenc.sty
"
Package: fontenc 2018/08/11 v2.0j Standard LaTeX package
 ("C:\Users\Andreas\AppData\Local\Programs\MiKTeX 2.9\tex/latex/base\t1enc.def"
File: t1enc.def 2018/08/11 v2.0j Standard LaTeX file
LaTeX Font Info:    Redeclaring font encoding T1 on input line 48.
))
("C:\Users\Andreas\AppData\Local\Programs\MiKTeX 2.9\tex/latex/microtype\microt
ype.sty"
Package: microtype 2019/10/10 v2.7c Micro-typographical refinements (RS)
\MT@toks=\toks15
\MT@count=\count106
LaTeX Info: Redefining \textls on input line 790.
\MT@outer@kern=\dimen105
LaTeX Info: Redefining \textmicrotypecontext on input line 1347.
\MT@listname@count=\count107

("C:\Users\Andreas\AppData\Local\Programs\MiKTeX 2.9\tex/latex/microtype\microt
ype-pdftex.def"
File: microtype-pdftex.def 2019/10/10 v2.7c Definitions specific to pdftex (RS)

LaTeX Info: Redefining \lsstyle on input line 914.
LaTeX Info: Redefining \lslig on input line 914.
\MT@outer@space=\skip43
)
Package microtype Info: Loading configuration file microtype.cfg.

("C:\Users\Andreas\AppData\Local\Programs\MiKTeX 2.9\tex/latex/microtype\microt
ype.cfg"
File: microtype.cfg 2019/10/10 v2.7c microtype main configuration file (RS)
))
("C:\Users\Andreas\AppData\Local\Programs\MiKTeX 2.9\tex/generic/babel\babel.st
y"
Package: babel 2019/11/14 3.36 The Babel package

("C:\Users\Andreas\AppData\Local\Programs\MiKTeX 2.9\tex/generic/babel\switch.d
ef"
File: switch.def 2019/11/14 3.36 Babel switching mechanism
)
*************************************
* Local config file bblopts.cfg used
*

("C:\Users\Andreas\AppData\Local\Programs\MiKTeX 2.9\tex/latex/arabi\bblopts.cf
g"
File: bblopts.cfg 2005/09/08 v0.1 add Arabic and Farsi to "declared" options of
 babel
)
("C:\Users\Andreas\AppData\Local\Programs\MiKTeX 2.9\tex/latex/babel-english\en
glish.ldf"
Language: english 2017/06/06 v3.3r English support from the babel system

("C:\Users\Andreas\AppData\Local\Programs\MiKTeX 2.9\tex/generic/babel\babel.de
f"
File: babel.def 2019/11/14 3.36 Babel common definitions
\babel@savecnt=\count108
\U@D=\dimen106

("C:\Users\Andreas\AppData\Local\Programs\MiKTeX 2.9\tex/generic/babel\txtbabel
.def")
\bbl@dirlevel=\count109
)
Package babel Info: \l@canadian = using hyphenrules for english
(babel)             (\language0) on input line 102.
Package babel Info: \l@australian = using hyphenrules for ukenglish
(babel)             (\language76) on input line 105.
Package babel Info: \l@newzealand = using hyphenrules for ukenglish
(babel)             (\language76) on input line 108.
))
("C:\Users\Andreas\AppData\Local\Programs\MiKTeX 2.9\tex/latex/geometry\geometr
y.sty"
Package: geometry 2018/04/16 v5.8 Page Geometry

("C:\Users\Andreas\AppData\Local\Programs\MiKTeX 2.9\tex/generic/iftex\ifpdf.st
y"
Package: ifpdf 2019/10/25 v3.4 ifpdf legacy package. Use iftex instead.

("C:\Users\Andreas\AppData\Local\Programs\MiKTeX 2.9\tex/generic/iftex\iftex.st
y"
Package: iftex 2019/11/07 v1.0c TeX engine tests
))
("C:\Users\Andreas\AppData\Local\Programs\MiKTeX 2.9\tex/generic/iftex\ifvtex.s
ty"
Package: ifvtex 2019/10/25 v1.7 ifvtex legacy package. Use iftex instead.
)
("C:\Users\Andreas\AppData\Local\Programs\MiKTeX 2.9\tex/generic/iftex\ifxetex.
sty"
Package: ifxetex 2019/10/25 v0.7 ifxetex legacy package. Use iftex instead.
)
\Gm@cnth=\count110
\Gm@cntv=\count111
\c@Gm@tempcnt=\count112
\Gm@bindingoffset=\dimen107
\Gm@wd@mp=\dimen108
\Gm@odd@mp=\dimen109
\Gm@even@mp=\dimen110
\Gm@layoutwidth=\dimen111
\Gm@layoutheight=\dimen112
\Gm@layouthoffset=\dimen113
\Gm@layoutvoffset=\dimen114
\Gm@dimlist=\toks16

("C:\Users\Andreas\AppData\Local\Programs\MiKTeX 2.9\tex/latex/geometry\geometr
y.cfg"))
("C:\Users\Andreas\AppData\Local\Programs\MiKTeX 2.9\tex/latex/caption\caption.
sty"
Package: caption 2019/09/01 v3.3d Customizing captions (AR)

("C:\Users\Andreas\AppData\Local\Programs\MiKTeX 2.9\tex/latex/caption\caption3
.sty"
Package: caption3 2019/09/01 v1.8d caption3 kernel (AR)
Package caption3 Info: TeX engine: e-TeX on input line 64.
\captionmargin=\dimen115
\captionmargin@=\dimen116
\captionwidth=\dimen117
\caption@tempdima=\dimen118
\caption@indent=\dimen119
\caption@parindent=\dimen120
\caption@hangindent=\dimen121
)
\c@caption@flags=\count113
\c@ContinuedFloat=\count114
Package caption Info: threeparttable package is loaded.
)
("C:\Users\Andreas\AppData\Local\Programs\MiKTeX 2.9\tex/latex/booktabs\booktab
s.sty"
Package: booktabs 2019/10/08 v1.6180339 publication quality tables
\heavyrulewidth=\dimen122
\lightrulewidth=\dimen123
\cmidrulewidth=\dimen124
\belowrulesep=\dimen125
\belowbottomsep=\dimen126
\aboverulesep=\dimen127
\abovetopsep=\dimen128
\cmidrulesep=\dimen129
\cmidrulekern=\dimen130
\defaultaddspace=\dimen131
\@cmidla=\count115
\@cmidlb=\count116
\@aboverulesep=\dimen132
\@belowrulesep=\dimen133
\@thisruleclass=\count117
\@lastruleclass=\count118
\@thisrulewidth=\dimen134
)
("C:\Users\Andreas\AppData\Local\Programs\MiKTeX 2.9\tex/latex/float\float.sty"
Package: float 2001/11/08 v1.3d Float enhancements (AL)
\c@float@type=\count119
\float@exts=\toks17
\float@box=\box28
\@float@everytoks=\toks18
\@floatcapt=\box29
)
("C:\Users\Andreas\AppData\Local\Programs\MiKTeX 2.9\tex/latex/lettrine\lettrin
e.sty"
File: lettrine.sty 2019-04-06 v2.22 (Daniel Flipo)

("C:\Users\Andreas\AppData\Local\Programs\MiKTeX 2.9\tex/generic/minifp\minifp.
sty"
Package: minifp 2013/12/30 v0.96. Macros for real number operations and a stack
-based programing language.
\MFP@loopctr=\count120
)
\c@DefaultLines=\count121
\c@DefaultDepth=\count122
\DefaultFindent=\dimen135
\DefaultNindent=\dimen136
\DefaultSlope=\dimen137
\DiscardVskip=\dimen138
\L@lbox=\box30
\L@tbox=\box31
\c@L@lines=\count123
\c@L@depth=\count124
\L@Pindent=\dimen139
\L@Findent=\dimen140
\L@Nindent=\dimen141
\L@lraise=\dimen142
\L@first=\dimen143
\L@next=\dimen144
\L@slope=\dimen145
\L@height=\dimen146
\L@novskip=\dimen147
\L@target@ht=\dimen148
\L@target@dp=\dimen149
\L@target@tht=\dimen150
\LettrineWidth=\dimen151
\LettrineHeight=\dimen152
\LettrineDepth=\dimen153
\Llist@everypar=\toks19

Loading lettrine.cfg

("C:\Users\Andreas\AppData\Local\Programs\MiKTeX 2.9\tex/latex/lettrine\lettrin
e.cfg"))
("C:\Users\Andreas\AppData\Local\Programs\MiKTeX 2.9\tex/latex/algorithmicx\alg
pseudocode.sty"
Package: algpseudocode 

("C:\Users\Andreas\AppData\Local\Programs\MiKTeX 2.9\tex/latex/base\ifthen.sty"
Package: ifthen 2014/09/29 v1.1c Standard LaTeX ifthen package (DPC)
)
("C:\Users\Andreas\AppData\Local\Programs\MiKTeX 2.9\tex/latex/algorithmicx\alg
orithmicx.sty"
Package: algorithmicx 2005/04/27 v1.2 Algorithmicx

Document Style algorithmicx 1.2 - a greatly improved `algorithmic' style
\c@ALG@line=\count125
\c@ALG@rem=\count126
\c@ALG@nested=\count127
\ALG@tlm=\skip44
\ALG@thistlm=\skip45
\c@ALG@Lnr=\count128
\c@ALG@blocknr=\count129
\c@ALG@storecount=\count130
\c@ALG@tmpcounter=\count131
\ALG@tmplength=\skip46
)
Document Style - pseudocode environments for use with the `algorithmicx' style
)
("C:\Users\Andreas\AppData\Local\Programs\MiKTeX 2.9\tex/latex/enumitem\enumite
m.sty"
Package: enumitem 2019/06/20 v3.9 Customized lists
\labelindent=\skip47
\enit@outerparindent=\dimen154
\enit@toks=\toks20
\enit@inbox=\box32
\enit@count@id=\count132
\enitdp@description=\count133
)
("C:\Users\Andreas\AppData\Local\Programs\MiKTeX 2.9\tex/latex/abstract\abstrac
t.sty"
Package: abstract 2009/06/08 v1.2a configurable abstracts
\abstitleskip=\skip48
\absleftindent=\skip49
\absrightindent=\skip50
\absparindent=\skip51
\absparsep=\skip52
)
("C:\Users\Andreas\AppData\Local\Programs\MiKTeX 2.9\tex/latex/titlesec\titlese
c.sty"
Package: titlesec 2019/10/16 v2.13 Sectioning titles
\ttl@box=\box33
\beforetitleunit=\skip53
\aftertitleunit=\skip54
\ttl@plus=\dimen155
\ttl@minus=\dimen156
\ttl@toksa=\toks21
\titlewidth=\dimen157
\titlewidthlast=\dimen158
\titlewidthfirst=\dimen159
)
("C:\Users\Andreas\AppData\Local\Programs\MiKTeX 2.9\tex/latex/fancyhdr\fancyhd
r.sty"
Package: fancyhdr 2019/01/31 v3.10 Extensive control of page headers and footer
s
\f@nch@headwidth=\skip55
\f@nch@O@elh=\skip56
\f@nch@O@erh=\skip57
\f@nch@O@olh=\skip58
\f@nch@O@orh=\skip59
\f@nch@O@elf=\skip60
\f@nch@O@erf=\skip61
\f@nch@O@olf=\skip62
\f@nch@O@orf=\skip63
)
("C:\Users\Andreas\AppData\Local\Programs\MiKTeX 2.9\tex/latex/titling\titling.
sty"
Package: titling 2009/09/04 v2.1d maketitle typesetting
\thanksmarkwidth=\skip64
\thanksmargin=\skip65
\droptitle=\skip66
)
("C:\Users\Andreas\AppData\Local\Programs\MiKTeX 2.9\tex/latex/hyperref\hyperre
f.sty"
Package: hyperref 2019/11/10 v7.00c Hypertext links for LaTeX

("C:\Users\Andreas\AppData\Local\Programs\MiKTeX 2.9\tex/generic/oberdiek\ltxcm
ds.sty"
Package: ltxcmds 2016/05/16 v1.23 LaTeX kernel commands for general use (HO)
)
("C:\Users\Andreas\AppData\Local\Programs\MiKTeX 2.9\tex/generic/oberdiek\pdfte
xcmds.sty"
Package: pdftexcmds 2019/07/25 v0.30 Utility functions of pdfTeX for LuaTeX (HO
)

("C:\Users\Andreas\AppData\Local\Programs\MiKTeX 2.9\tex/generic/oberdiek\infwa
rerr.sty"
Package: infwarerr 2016/05/16 v1.4 Providing info/warning/error messages (HO)
)
("C:\Users\Andreas\AppData\Local\Programs\MiKTeX 2.9\tex/generic/iftex\ifluatex
.sty"
Package: ifluatex 2019/10/25 v1.5 ifluatex legacy package. Use iftex instead.
)
Package pdftexcmds Info: LuaTeX not detected.
Package pdftexcmds Info: \pdf@primitive is available.
Package pdftexcmds Info: \pdf@ifprimitive is available.
Package pdftexcmds Info: \pdfdraftmode found.
)
("C:\Users\Andreas\AppData\Local\Programs\MiKTeX 2.9\tex/generic/oberdiek\kvset
keys.sty"
Package: kvsetkeys 2016/05/16 v1.17 Key value parser (HO)

("C:\Users\Andreas\AppData\Local\Programs\MiKTeX 2.9\tex/generic/oberdiek\etexc
mds.sty"
Package: etexcmds 2016/05/16 v1.6 Avoid name clashes with e-TeX commands (HO)
))
("C:\Users\Andreas\AppData\Local\Programs\MiKTeX 2.9\tex/generic/oberdiek\kvdef
inekeys.sty"
Package: kvdefinekeys 2016/05/16 v1.4 Define keys (HO)
)
("C:\Users\Andreas\AppData\Local\Programs\MiKTeX 2.9\tex/generic/oberdiek\pdfes
cape.sty"
Package: pdfescape 2016/05/16 v1.14 Implements pdfTeX's escape features (HO)
)
("C:\Users\Andreas\AppData\Local\Programs\MiKTeX 2.9\tex/latex/oberdiek\hycolor
.sty"
Package: hycolor 2016/05/16 v1.8 Color options for hyperref/bookmark (HO)

("C:\Users\Andreas\AppData\Local\Programs\MiKTeX 2.9\tex/latex/oberdiek\xcolor-
patch.sty"
Package: xcolor-patch 2016/05/16 xcolor patch

("C:\Users\Andreas\AppData\Local\Programs\MiKTeX 2.9\tex/latex/oberdiek\hopatch
.sty"
Package: hopatch 2016/05/16 v1.3 Wrapper for package hooks (HO)
)))
("C:\Users\Andreas\AppData\Local\Programs\MiKTeX 2.9\tex/latex/oberdiek\letltxm
acro.sty"
Package: letltxmacro 2016/05/16 v1.5 Let assignment for LaTeX macros (HO)
)
("C:\Users\Andreas\AppData\Local\Programs\MiKTeX 2.9\tex/latex/oberdiek\auxhook
.sty"
Package: auxhook 2016/05/16 v1.4 Hooks for auxiliary files (HO)
)
("C:\Users\Andreas\AppData\Local\Programs\MiKTeX 2.9\tex/latex/oberdiek\kvoptio
ns.sty"
Package: kvoptions 2016/05/16 v3.12 Key value format for package options (HO)
)
\@linkdim=\dimen160
\Hy@linkcounter=\count134
\Hy@pagecounter=\count135

("C:\Users\Andreas\AppData\Local\Programs\MiKTeX 2.9\tex/latex/hyperref\pd1enc.
def"
File: pd1enc.def 2019/11/10 v7.00c Hyperref: PDFDocEncoding definition (HO)
Now handling font encoding PD1 ...
... no UTF-8 mapping file for font encoding PD1
)
("C:\Users\Andreas\AppData\Local\Programs\MiKTeX 2.9\tex/generic/oberdiek\intca
lc.sty"
Package: intcalc 2016/05/16 v1.2 Expandable calculations with integers (HO)
)
\Hy@SavedSpaceFactor=\count136

("C:\Users\Andreas\AppData\Local\Programs\MiKTeX 2.9\tex/latex/00miktex\hyperre
f.cfg"
File: hyperref.cfg 2002/06/06 v1.2 hyperref configuration of TeXLive
)
Package hyperref Info: Hyper figures OFF on input line 4535.
Package hyperref Info: Link nesting OFF on input line 4540.
Package hyperref Info: Hyper index ON on input line 4543.
Package hyperref Info: Plain pages OFF on input line 4550.
Package hyperref Info: Backreferencing OFF on input line 4555.
Package hyperref Info: Implicit mode ON; LaTeX internals redefined.
Package hyperref Info: Bookmarks ON on input line 4788.
\c@Hy@tempcnt=\count137

("C:\Users\Andreas\AppData\Local\Programs\MiKTeX 2.9\tex/latex/url\url.sty"
\Urlmuskip=\muskip10
Package: url 2013/09/16  ver 3.4  Verb mode for urls, etc.
)
LaTeX Info: Redefining \url on input line 5147.
\XeTeXLinkMargin=\dimen161

("C:\Users\Andreas\AppData\Local\Programs\MiKTeX 2.9\tex/generic/oberdiek\bitse
t.sty"
Package: bitset 2016/05/16 v1.2 Handle bit-vector datatype (HO)

("C:\Users\Andreas\AppData\Local\Programs\MiKTeX 2.9\tex/generic/oberdiek\bigin
tcalc.sty"
Package: bigintcalc 2016/05/16 v1.4 Expandable calculations on big integers (HO
)
))
\Fld@menulength=\count138
\Field@Width=\dimen162
\Fld@charsize=\dimen163
Package hyperref Info: Hyper figures OFF on input line 6418.
Package hyperref Info: Link nesting OFF on input line 6423.
Package hyperref Info: Hyper index ON on input line 6426.
Package hyperref Info: backreferencing OFF on input line 6433.
Package hyperref Info: Link coloring OFF on input line 6438.
Package hyperref Info: Link coloring with OCG OFF on input line 6443.
Package hyperref Info: PDF/A mode OFF on input line 6448.
LaTeX Info: Redefining \ref on input line 6488.
LaTeX Info: Redefining \pageref on input line 6492.

("C:\Users\Andreas\AppData\Local\Programs\MiKTeX 2.9\tex/generic/oberdiek\atbeg
shi.sty"
Package: atbegshi 2016/06/09 v1.18 At begin shipout hook (HO)
)
\Hy@abspage=\count139
\c@Item=\count140
\c@Hfootnote=\count141
)
Package hyperref Info: Driver (autodetected): hpdftex.

("C:\Users\Andreas\AppData\Local\Programs\MiKTeX 2.9\tex/latex/hyperref\hpdftex
.def"
File: hpdftex.def 2019/11/10 v7.00c Hyperref driver for pdfTeX

("C:\Users\Andreas\AppData\Local\Programs\MiKTeX 2.9\tex/latex/oberdiek\atverye
nd.sty"
Package: atveryend 2016/05/16 v1.9 Hooks at the very end of document (HO)
Package atveryend Info: \enddocument detected (standard20110627).
)
\Fld@listcount=\count142
\c@bookmark@seq@number=\count143

("C:\Users\Andreas\AppData\Local\Programs\MiKTeX 2.9\tex/latex/oberdiek\rerunfi
lecheck.sty"
Package: rerunfilecheck 2016/05/16 v1.8 Rerun checks for auxiliary files (HO)

("C:\Users\Andreas\AppData\Local\Programs\MiKTeX 2.9\tex/generic/oberdiek\uniqu
ecounter.sty"
Package: uniquecounter 2016/05/16 v1.3 Provide unlimited unique counter (HO)
)
Package uniquecounter Info: New unique counter `rerunfilecheck' on input line 2
82.
)
\Hy@SectionHShift=\skip67
) (project-5.aux

LaTeX Warning: Label `fig:boat2' multiply defined.


LaTeX Warning: Label `fig:boat2' multiply defined.


LaTeX Warning: Label `fig:boat2' multiply defined.


LaTeX Warning: Label `fig:boat2' multiply defined.


LaTeX Warning: Label `fig:boat2' multiply defined.


LaTeX Warning: Label `fig:boat2' multiply defined.


LaTeX Warning: Label `fig:boat2' multiply defined.


LaTeX Warning: Label `fig:boat2' multiply defined.


LaTeX Warning: Label `fig:boat2' multiply defined.

)
\openout1 = `project-5.aux'.

LaTeX Font Info:    Checking defaults for OML/cmm/m/it on input line 99.
LaTeX Font Info:    ... okay on input line 99.
LaTeX Font Info:    Checking defaults for T1/cmr/m/n on input line 99.
LaTeX Font Info:    ... okay on input line 99.
LaTeX Font Info:    Checking defaults for OT1/cmr/m/n on input line 99.
LaTeX Font Info:    ... okay on input line 99.
LaTeX Font Info:    Checking defaults for OMS/cmsy/m/n on input line 99.
LaTeX Font Info:    ... okay on input line 99.
LaTeX Font Info:    Checking defaults for OMX/cmex/m/n on input line 99.
LaTeX Font Info:    ... okay on input line 99.
LaTeX Font Info:    Checking defaults for U/cmr/m/n on input line 99.
LaTeX Font Info:    ... okay on input line 99.
LaTeX Font Info:    Checking defaults for PD1/pdf/m/n on input line 99.
LaTeX Font Info:    ... okay on input line 99.
LaTeX Font Info:    Trying to load font information for T1+pplx on input line 9
9.

("C:\Users\Andreas\AppData\Local\Programs\MiKTeX 2.9\tex/latex/psnfss\t1pplx.fd
"
File: t1pplx.fd 2004/09/06 font definitions for T1/pplx.
)
("C:\Users\Andreas\AppData\Local\Programs\MiKTeX 2.9\tex/context/base/mkii\supp
-pdf.mkii"
[Loading MPS to PDF converter (version 2006.09.02).]
\scratchcounter=\count144
\scratchdimen=\dimen164
\scratchbox=\box34
\nofMPsegments=\count145
\nofMParguments=\count146
\everyMPshowfont=\toks22
\MPscratchCnt=\count147
\MPscratchDim=\dimen165
\MPnumerator=\count148
\makeMPintoPDFobject=\count149
\everyMPtoPDFconversion=\toks23
)
("C:\Users\Andreas\AppData\Local\Programs\MiKTeX 2.9\tex/latex/oberdiek\epstopd
f-base.sty"
Package: epstopdf-base 2016/05/15 v2.6 Base part for package epstopdf

("C:\Users\Andreas\AppData\Local\Programs\MiKTeX 2.9\tex/latex/oberdiek\grfext.
sty"
Package: grfext 2016/05/16 v1.2 Manage graphics extensions (HO)
)
Package epstopdf-base Info: Redefining graphics rule for `.eps' on input line 4
38.
Package grfext Info: Graphics extension search list:
(grfext)             [.pdf,.png,.jpg,.mps,.jpeg,.jbig2,.jb2,.PDF,.PNG,.JPG,.JPE
G,.JBIG2,.JB2,.eps]
(grfext)             \AppendGraphicsExtensions on input line 456.
)
\big@size=\dimen166
LaTeX Info: Redefining \microtypecontext on input line 99.
Package microtype Info: Generating PDF output.
Package microtype Info: Character protrusion enabled (level 2).
Package microtype Info: Using default protrusion set `alltext'.
Package microtype Info: Automatic font expansion enabled (level 2),
(microtype)             stretch: 20, shrink: 20, step: 1, non-selected.
Package microtype Info: Using default expansion set `basictext'.
LaTeX Info: Redefining \showhyphens on input line 99.
Package microtype Info: No adjustment of tracking.
Package microtype Info: No adjustment of interword spacing.
Package microtype Info: No adjustment of character kerning.

("C:\Users\Andreas\AppData\Local\Programs\MiKTeX 2.9\tex/latex/microtype\mt-ppl
.cfg"
File: mt-ppl.cfg 2005/11/16 v1.6 microtype config. file: Palatino (RS)
)
*geometry* driver: auto-detecting
*geometry* detected driver: pdftex
*geometry* verbose mode - [ preamble ] result:
* driver: pdftex
* paper: <default>
* layout: <same size as paper>
* layoutoffset:(h,v)=(0.0pt,0.0pt)
* hratio: 1:1
* modes: twoside 
* h-part:(L,W,R)=(66.86414pt, 480.56673pt, 66.86414pt)
* v-part:(T,H,B)=(91.04881pt, 608.5238pt, 95.39737pt)
* \paperwidth=614.295pt
* \paperheight=794.96999pt
* \textwidth=480.56673pt
* \textheight=608.5238pt
* \oddsidemargin=-5.40585pt
* \evensidemargin=-5.40585pt
* \topmargin=-18.22118pt
* \headheight=12.0pt
* \headsep=25.0pt
* \topskip=10.0pt
* \footskip=56.9055pt
* \marginparwidth=48.0pt
* \marginparsep=10.0pt
* \columnsep=20.0pt
* \skip\footins=9.0pt plus 4.0pt minus 2.0pt
* \hoffset=0.0pt
* \voffset=0.0pt
* \mag=1000
* \@twocolumntrue
* \@twosidetrue
* \@mparswitchtrue
* \@reversemarginfalse
* (1in=72.27pt=25.4mm, 1cm=28.453pt)

Package caption Info: Begin \AtBeginDocument code.
Package caption Info: float package is loaded.
Package caption Info: hyperref package is loaded.
Package caption Info: End \AtBeginDocument code.
\AtBeginShipoutBox=\box35
Package hyperref Info: Link coloring OFF on input line 99.

("C:\Users\Andreas\AppData\Local\Programs\MiKTeX 2.9\tex/latex/hyperref\nameref
.sty"
Package: nameref 2019/09/16 v2.46 Cross-referencing by name of section

("C:\Users\Andreas\AppData\Local\Programs\MiKTeX 2.9\tex/latex/oberdiek\refcoun
t.sty"
Package: refcount 2016/05/16 v3.5 Data extraction from label references (HO)
)
("C:\Users\Andreas\AppData\Local\Programs\MiKTeX 2.9\tex/generic/oberdiek\getti
tlestring.sty"
Package: gettitlestring 2016/05/16 v1.5 Cleanup title references (HO)
)
\c@section@level=\count150
)
LaTeX Info: Redefining \ref on input line 99.
LaTeX Info: Redefining \pageref on input line 99.
LaTeX Info: Redefining \nameref on input line 99.
 (project-5.out) (project-5.out)
\@outlinefile=\write3
\openout3 = `project-5.out'.

LaTeX Font Info:    Font shape `T1/pplx/bx/n' in size <20.74> not available
(Font)              Font shape `T1/pplx/b/n' tried instead on input line 101.
LaTeX Font Info:    Trying to load font information for OT1+pplx on input line 
101.

("C:\Users\Andreas\AppData\Local\Programs\MiKTeX 2.9\tex/latex/psnfss\ot1pplx.f
d"
File: ot1pplx.fd 2004/09/06 font definitions for OT1/pplx.
)
LaTeX Font Info:    Trying to load font information for OML+zplm on input line 
101.

("C:\Users\Andreas\AppData\Local\Programs\MiKTeX 2.9\tex/latex/psnfss\omlzplm.f
d"
File: omlzplm.fd 2002/09/08 Fontinst v1.914 font definitions for OML/zplm.
)
LaTeX Font Info:    Trying to load font information for OMS+zplm on input line 
101.

("C:\Users\Andreas\AppData\Local\Programs\MiKTeX 2.9\tex/latex/psnfss\omszplm.f
d"
File: omszplm.fd 2002/09/08 Fontinst v1.914 font definitions for OMS/zplm.
)
LaTeX Font Info:    Trying to load font information for OMX+zplm on input line 
101.

("C:\Users\Andreas\AppData\Local\Programs\MiKTeX 2.9\tex/latex/psnfss\omxzplm.f
d"
File: omxzplm.fd 2002/09/08 Fontinst v1.914 font definitions for OMX/zplm.
)
LaTeX Font Info:    Trying to load font information for OT1+zplm on input line 
101.

("C:\Users\Andreas\AppData\Local\Programs\MiKTeX 2.9\tex/latex/psnfss\ot1zplm.f
d"
File: ot1zplm.fd 2002/09/08 Fontinst v1.914 font definitions for OT1/zplm.
)
Package microtype Info: Loading generic protrusion settings for font family
(microtype)             `zplm' (encoding: OT1).
(microtype)             For optimal results, create family-specific settings.
(microtype)             See the microtype manual for details.
Package microtype Info: Character `029' is missing
(microtype)             in font `T1/pplx/m/sc/12'.
(microtype)             Ignoring protrusion settings for this character.
LaTeX Font Info:    Trying to load font information for OMS+pplx on input line 
101.
LaTeX Font Info:    No file OMSpplx.fd. on input line 101.


LaTeX Font Warning: Font shape `OMS/pplx/m/n' undefined
(Font)              using `OMS/cmsy/m/n' instead
(Font)              for symbol `textasteriskcentered' on input line 101.

LaTeX Font Info:    Font shape `T1/pplx/bx/n' in size <10> not available
(Font)              Font shape `T1/pplx/b/n' tried instead on input line 101.
LaTeX Font Info:    Trying to load font information for T1+cmtt on input line 1
01.
("C:\Users\Andreas\AppData\Local\Programs\MiKTeX 2.9\tex/latex/base\t1cmtt.fd"
File: t1cmtt.fd 2014/09/29 v2.5h Standard LaTeX font definitions
)
Package microtype Info: Loading generic protrusion settings for font family
(microtype)             `cmtt' (encoding: T1).
(microtype)             For optimal results, create family-specific settings.
(microtype)             See the microtype manual for details.

Overfull \hbox (0.50507pt too wide) detected at line 130
[]\OML/zplm/m/it/10 v[] \OT1/zplm/m/n/10 = [] = \OT1/pplx/m/n/10 2\OML/zplm/m/i
t/10 []\OT1/zplm/m/n/10 (\OML/zplm/m/it/10 AU\OT1/zplm/m/n/10 /\OML/zplm/m/it/
10 year\OT1/zplm/m/n/10 )[]
 []

[1{C:/Users/Andreas/AppData/Local/MiKTeX/2.9/pdftex/config/pdftex.map}


]
<C:/Users/Andreas/Documents/Project 5/Project-5/Updates After deadline/Data/NoC
lass/stabilityEuler.png, id=74, 433.62pt x 289.08pt>
File: C:/Users/Andreas/Documents/Project 5/Project-5/Updates After deadline/Dat
a/NoClass/stabilityEuler.png Graphic file (type png)
<use C:/Users/Andreas/Documents/Project 5/Project-5/Updates After deadline/Data
/NoClass/stabilityEuler.png>
Package pdftex.def Info: C:/Users/Andreas/Documents/Project 5/Project-5/Updates
 After deadline/Data/NoClass/stabilityEuler.png  used on input line 205.
(pdftex.def)             Requested size: 247.53888pt x 165.02873pt.

Overfull \hbox (17.25552pt too wide) in paragraph at lines 205--206
[][] 
 []

LaTeX Font Info:    Font shape `T1/pplx/bx/n' in size <9> not available
(Font)              Font shape `T1/pplx/b/n' tried instead on input line 206.
<C:/Users/Andreas/Documents/Project 5/Project-5/Updates After deadline/Data/NoC
lass/stabilityVerlet.png, id=76, 433.62pt x 289.08pt>
File: C:/Users/Andreas/Documents/Project 5/Project-5/Updates After deadline/Dat
a/NoClass/stabilityVerlet.png Graphic file (type png)
<use C:/Users/Andreas/Documents/Project 5/Project-5/Updates After deadline/Data
/NoClass/stabilityVerlet.png>
Package pdftex.def Info: C:/Users/Andreas/Documents/Project 5/Project-5/Updates
 After deadline/Data/NoClass/stabilityVerlet.png  used on input line 209.
(pdftex.def)             Requested size: 247.53888pt x 165.02873pt.

Overfull \hbox (17.25552pt too wide) in paragraph at lines 209--210
[][] 
 []


Underfull \vbox (badness 10000) has occurred while \output is active []

 [2]
<C:/Users/Andreas/Documents/Project 5/Project-5/Updates After deadline/Data/Cla
ss/plotEulerKinetisk.png, id=89, 433.62pt x 289.08pt>
File: C:/Users/Andreas/Documents/Project 5/Project-5/Updates After deadline/Dat
a/Class/plotEulerKinetisk.png Graphic file (type png)
<use C:/Users/Andreas/Documents/Project 5/Project-5/Updates After deadline/Data
/Class/plotEulerKinetisk.png>
Package pdftex.def Info: C:/Users/Andreas/Documents/Project 5/Project-5/Updates
 After deadline/Data/Class/plotEulerKinetisk.png  used on input line 217.
(pdftex.def)             Requested size: 247.53888pt x 165.02873pt.

Overfull \hbox (17.25552pt too wide) in paragraph at lines 217--218
[][] 
 []

<C:/Users/Andreas/Documents/Project 5/Project-5/Updates After deadline/Data/Cla
ss/plotKinetiskVerlet.png, id=90, 433.62pt x 289.08pt>
File: C:/Users/Andreas/Documents/Project 5/Project-5/Updates After deadline/Dat
a/Class/plotKinetiskVerlet.png Graphic file (type png)
<use C:/Users/Andreas/Documents/Project 5/Project-5/Updates After deadline/Data
/Class/plotKinetiskVerlet.png>
Package pdftex.def Info: C:/Users/Andreas/Documents/Project 5/Project-5/Updates
 After deadline/Data/Class/plotKinetiskVerlet.png  used on input line 221.
(pdftex.def)             Requested size: 247.53888pt x 165.02873pt.

Overfull \hbox (17.25552pt too wide) in paragraph at lines 221--222
[][] 
 []


Underfull \vbox (badness 10000) has occurred while \output is active []

<C:/Users/Andreas/Documents/Project 5/Project-5/Updates After deadline/Data/Cla
ss/plotEulerPotensiel.png, id=91, 433.62pt x 289.08pt>
File: C:/Users/Andreas/Documents/Project 5/Project-5/Updates After deadline/Dat
a/Class/plotEulerPotensiel.png Graphic file (type png)
<use C:/Users/Andreas/Documents/Project 5/Project-5/Updates After deadline/Data
/Class/plotEulerPotensiel.png>
Package pdftex.def Info: C:/Users/Andreas/Documents/Project 5/Project-5/Updates
 After deadline/Data/Class/plotEulerPotensiel.png  used on input line 225.
(pdftex.def)             Requested size: 247.53888pt x 165.02873pt.

Overfull \hbox (17.25552pt too wide) in paragraph at lines 225--226
[][] 
 []

<C:/Users/Andreas/Documents/Project 5/Project-5/Updates After deadline/Data/Cla
ss/plotVerletPotensiel.png, id=92, 433.62pt x 289.08pt>
File: C:/Users/Andreas/Documents/Project 5/Project-5/Updates After deadline/Dat
a/Class/plotVerletPotensiel.png Graphic file (type png)
<use C:/Users/Andreas/Documents/Project 5/Project-5/Updates After deadline/Data
/Class/plotVerletPotensiel.png>
Package pdftex.def Info: C:/Users/Andreas/Documents/Project 5/Project-5/Updates
 After deadline/Data/Class/plotVerletPotensiel.png  used on input line 229.
(pdftex.def)             Requested size: 247.53888pt x 165.02873pt.

Overfull \hbox (17.25552pt too wide) in paragraph at lines 229--230
[][] 
 []


Underfull \vbox (badness 10000) has occurred while \output is active []

 [3 <C:/Users/Andreas/Documents/Project 5/Project-5/Updates After deadline/Data
/NoClass/stabilityEuler.png> <C:/Users/Andreas/Documents/Project 5/Project-5/Up
dates After deadline/Data/NoClass/stabilityVerlet.png> <C:/Users/Andreas/Docume
nts/Project 5/Project-5/Updates After deadline/Data/Class/plotEulerKinetisk.png
> <C:/Users/Andreas/Documents/Project 5/Project-5/Updates After deadline/Data/C
lass/plotKinetiskVerlet.png>]
<C:/Users/Andreas/Documents/Project 5/Project-5/Updates After deadline/Data/NoC
lass/velocityEscape40.png, id=105, 433.62pt x 289.08pt>
File: C:/Users/Andreas/Documents/Project 5/Project-5/Updates After deadline/Dat
a/NoClass/velocityEscape40.png Graphic file (type png)
<use C:/Users/Andreas/Documents/Project 5/Project-5/Updates After deadline/Data
/NoClass/velocityEscape40.png>
Package pdftex.def Info: C:/Users/Andreas/Documents/Project 5/Project-5/Updates
 After deadline/Data/NoClass/velocityEscape40.png  used on input line 238.
(pdftex.def)             Requested size: 247.53888pt x 165.02873pt.

Overfull \hbox (17.25552pt too wide) in paragraph at lines 238--239
[][] 
 []


Underfull \vbox (badness 10000) has occurred while \output is active []

<C:/Users/Andreas/Documents/Project 5/Project-5/Updates After deadline/Data/Cla
ss/JupiterIsHere100years10Mass.png, id=106, 433.62pt x 433.62pt>
File: C:/Users/Andreas/Documents/Project 5/Project-5/Updates After deadline/Dat
a/Class/JupiterIsHere100years10Mass.png Graphic file (type png)
<use C:/Users/Andreas/Documents/Project 5/Project-5/Updates After deadline/Data
/Class/JupiterIsHere100years10Mass.png>
Package pdftex.def Info: C:/Users/Andreas/Documents/Project 5/Project-5/Updates
 After deadline/Data/Class/JupiterIsHere100years10Mass.png  used on input line 
246.
(pdftex.def)             Requested size: 247.53888pt x 247.5431pt.

Overfull \hbox (17.25552pt too wide) in paragraph at lines 246--247
[][] 
 []


Underfull \vbox (badness 10000) has occurred while \output is active []

 [4 <C:/Users/Andreas/Documents/Project 5/Project-5/Updates After deadline/Data
/Class/plotEulerPotensiel.png> <C:/Users/Andreas/Documents/Project 5/Project-5/
Updates After deadline/Data/Class/plotVerletPotensiel.png> <C:/Users/Andreas/Do
cuments/Project 5/Project-5/Updates After deadline/Data/NoClass/velocityEscape4
0.png>]
<C:/Users/Andreas/Documents/Project 5/Project-5/Updates After deadline/Data/Cla
ss/JupiterIsHere100years10MassTest.png, id=117, 433.62pt x 433.62pt>
File: C:/Users/Andreas/Documents/Project 5/Project-5/Updates After deadline/Dat
a/Class/JupiterIsHere100years10MassTest.png Graphic file (type png)
<use C:/Users/Andreas/Documents/Project 5/Project-5/Updates After deadline/Data
/Class/JupiterIsHere100years10MassTest.png>
Package pdftex.def Info: C:/Users/Andreas/Documents/Project 5/Project-5/Updates
 After deadline/Data/Class/JupiterIsHere100years10MassTest.png  used on input l
ine 252.
(pdftex.def)             Requested size: 247.53888pt x 247.5431pt.

Overfull \hbox (17.25552pt too wide) in paragraph at lines 252--253
[][] 
 []


Underfull \vbox (badness 10000) has occurred while \output is active []

<C:/Users/Andreas/Documents/Project 5/Project-5/Updates After deadline/Data/Cla
ss/JupiterIsHere100years1000MassTest2.png, id=118, 433.62pt x 433.62pt>
File: C:/Users/Andreas/Documents/Project 5/Project-5/Updates After deadline/Dat
a/Class/JupiterIsHere100years1000MassTest2.png Graphic file (type png)
<use C:/Users/Andreas/Documents/Project 5/Project-5/Updates After deadline/Data
/Class/JupiterIsHere100years1000MassTest2.png>
Package pdftex.def Info: C:/Users/Andreas/Documents/Project 5/Project-5/Updates
 After deadline/Data/Class/JupiterIsHere100years1000MassTest2.png  used on inpu
t line 258.
(pdftex.def)             Requested size: 247.53888pt x 247.5431pt.

Overfull \hbox (17.25552pt too wide) in paragraph at lines 258--259
[][] 
 []

<C:/Users/Andreas/Documents/Project 5/Project-5/Updates After deadline/Data/Cla
ss/JupiterIsHere100years1000MassTest.png, id=119, 433.62pt x 433.62pt>
File: C:/Users/Andreas/Documents/Project 5/Project-5/Updates After deadline/Dat
a/Class/JupiterIsHere100years1000MassTest.png Graphic file (type png)
<use C:/Users/Andreas/Documents/Project 5/Project-5/Updates After deadline/Data
/Class/JupiterIsHere100years1000MassTest.png>
Package pdftex.def Info: C:/Users/Andreas/Documents/Project 5/Project-5/Updates
 After deadline/Data/Class/JupiterIsHere100years1000MassTest.png  used on input
 line 262.
(pdftex.def)             Requested size: 247.53888pt x 247.5431pt.

Overfull \hbox (17.25552pt too wide) in paragraph at lines 262--263
[][] 
 []


Underfull \vbox (badness 10000) has occurred while \output is active []

 [5 <C:/Users/Andreas/Documents/Project 5/Project-5/Updates After deadline/Data
/Class/JupiterIsHere100years10Mass.png> <C:/Users/Andreas/Documents/Project 5/P
roject-5/Updates After deadline/Data/Class/JupiterIsHere100years10MassTest.png>
]
Underfull \hbox (badness 10000) in paragraph at lines 279--281
[]\T1/pplx/m/n/10 (+20) Hjort-Jensen, M.
 []


Overfull \hbox (46.76442pt too wide) in paragraph at lines 279--281
\T1/pplx/m/n/10 (-20) https://github.com/CompPhysics/ComputationalPhysics 
 []

Package atveryend Info: Empty hook `BeforeClearDocument' on input line 287.
[6 <C:/Users/Andreas/Documents/Project 5/Project-5/Updates After deadline/Data/
Class/JupiterIsHere100years1000MassTest2.png> <C:/Users/Andreas/Documents/Proje
ct 5/Project-5/Updates After deadline/Data/Class/JupiterIsHere100years1000MassT
est.png>]
Package atveryend Info: Empty hook `AfterLastShipout' on input line 287.
 (project-5.aux)
Package atveryend Info: Executing hook `AtVeryEndDocument' on input line 287.
Package atveryend Info: Executing hook `AtEndAfterFileList' on input line 287.
Package rerunfilecheck Info: File `project-5.out' has not changed.
(rerunfilecheck)             Checksum: 705A3C85068C68A70A33A1C5E92B8965;690.


LaTeX Font Warning: Some font shapes were not available, defaults substituted.


LaTeX Warning: There were multiply-defined labels.

Package atveryend Info: Empty hook `AtVeryVeryEnd' on input line 287.
 ) 
Here is how much of TeX's memory you used:
 11565 strings out of 492450
 187790 string characters out of 3119070
 324326 words of memory out of 3000000
 15445 multiletter control sequences out of 15000+200000
 63448 words of font info for 224 fonts, out of 3000000 for 9000
 1141 hyphenation exceptions out of 8191
 39i,12n,45p,889b,384s stack positions out of 5000i,500n,10000p,200000b,50000s
 <C:\Users\Andreas\AppData\Local\MiKTeX\2.9\fonts/pk/ljfour/jknappen/ec/dpi60
0\ectt0800.pk>{C:/Users/Andreas/AppData/Local/Programs/MiKTeX 2.9/fonts/enc/dvi
ps/base/8r.enc}<C:/Users/Andreas/AppData/Local/Programs/MiKTeX 2.9/fonts/type1/
public/amsfonts/cm/cmex10.pfb><C:/Users/Andreas/AppData/Local/Programs/MiKTeX 2
.9/fonts/type1/public/amsfonts/cm/cmmi10.pfb><C:/Users/Andreas/AppData/Local/Pr
ograms/MiKTeX 2.9/fonts/type1/public/amsfonts/cm/cmr10.pfb><C:/Users/Andreas/Ap
pData/Local/Programs/MiKTeX 2.9/fonts/type1/public/amsfonts/cm/cmsy10.pfb><C:/U
sers/Andreas/AppData/Local/Programs/MiKTeX 2.9/fonts/type1/public/amsfonts/cm/c
msy6.pfb><C:/Users/Andreas/AppData/Local/Programs/MiKTeX 2.9/fonts/type1/public
/amsfonts/cm/cmsy9.pfb><C:/Users/Andreas/AppData/Local/Programs/MiKTeX 2.9/font
s/type1/public/mathpazo/fplmr.pfb><C:/Users/Andreas/AppData/Local/Programs/MiKT
eX 2.9/fonts/type1/public/mathpazo/fplmri.pfb><C:/Users/Andreas/AppData/Local/P
rograms/MiKTeX 2.9/fonts/type1/public/fpl/fplrc8a.pfb><C:/Users/Andreas/AppData
/Local/Programs/MiKTeX 2.9/fonts/type1/urw/palatino/uplb8a.pfb><C:/Users/Andrea
s/AppData/Local/Programs/MiKTeX 2.9/fonts/type1/urw/palatino/uplr8a.pfb><C:/Use
rs/Andreas/AppData/Local/Programs/MiKTeX 2.9/fonts/type1/urw/palatino/uplri8a.p
fb>
Output written on project-5.pdf (6 pages, 414670 bytes).
PDF statistics:
 216 PDF objects out of 1000 (max. 8388607)
 42 named destinations out of 1000 (max. 500000)
 50328 words of extra memory for PDF output out of 51595 (max. 10000000)

